MyFitnessLad/app/build/intermediates/manifest_merge_blame_file/debug/manifest-merger-blame-debug-report.txt
1<?xml version="1.0" encoding="utf-8"?>
2<manifest xmlns:android="http://schemas.android.com/apk/res/android"
3    package="com.example.myfitnesslad"
4    android:versionCode="1"
5    android:versionName="1.0" >
6
7    <uses-sdk
8        android:minSdkVersion="21"
8-->src\main\AndroidManifest.xml
9        android:targetSdkVersion="32" />
9-->src\main\AndroidManifest.xml
10
11    <application
11-->src\main\AndroidManifest.xml:5:5-44:19
12        android:allowBackup="true"
12-->src\main\AndroidManifest.xml:6:9-35
13        android:appComponentFactory="androidx.core.app.CoreComponentFactory"
13-->[androidx.core:core:1.7.0] AndroidManifest.xml:24:18-86
14        android:debuggable="true"
15        android:icon="@mipmap/ic_launcher"
15-->src\main\AndroidManifest.xml:7:9-43
16        android:label="@string/app_name"
16-->src\main\AndroidManifest.xml:8:9-41
17        android:roundIcon="@mipmap/ic_launcher_round"
17-->src\main\AndroidManifest.xml:9:9-54
18        android:supportsRtl="true"
18-->src\main\AndroidManifest.xml:10:9-35
19        android:testOnly="true"
20        android:theme="@style/Theme.MyFitnessLad" >
20-->src\main\AndroidManifest.xml:11:9-50
21        <activity
21-->src\main\AndroidManifest.xml:12:9-19:20
22            android:name="com.example.myfitnesslad.MainActivity"
22-->src\main\AndroidManifest.xml:13:13-41
23            android:exported="true" >
23-->src\main\AndroidManifest.xml:14:13-36
24            <intent-filter>
24-->src\main\AndroidManifest.xml:15:13-18:29
25                <action android:name="android.intent.action.MAIN" />
25-->src\main\AndroidManifest.xml:16:17-69
25-->src\main\AndroidManifest.xml:16:25-66
26
27                <category android:name="android.intent.category.LAUNCHER" />
27-->src\main\AndroidManifest.xml:17:17-77
27-->src\main\AndroidManifest.xml:17:27-74
28            </intent-filter>
29        </activity>
30        <activity
30-->src\main\AndroidManifest.xml:20:9-27:20
31            android:name="com.example.myfitnesslad.DisplayBMI"
31-->src\main\AndroidManifest.xml:21:13-39
32            android:exported="true" >
32-->src\main\AndroidManifest.xml:22:13-36
33            <intent-filter>
33-->src\main\AndroidManifest.xml:23:13-26:29
34                <action android:name="android.intent.action.BMI" />
34-->src\main\AndroidManifest.xml:24:17-68
34-->src\main\AndroidManifest.xml:24:25-65
35
36                <category android:name="android.intent.category.INFO" />
36-->src\main\AndroidManifest.xml:25:17-73
36-->src\main\AndroidManifest.xml:25:27-70
37            </intent-filter>
38        </activity>
39        <activity
39-->src\main\AndroidManifest.xml:28:9-35:20
40            android:name="com.example.myfitnesslad.DisplayIBW"
40-->src\main\AndroidManifest.xml:29:13-39
41            android:exported="true" >
41-->src\main\AndroidManifest.xml:30:13-36
42            <intent-filter>
42-->src\main\AndroidManifest.xml:31:13-34:29
43                <action android:name="android.intent.action.IBW" />
43-->src\main\AndroidManifest.xml:32:17-68
43-->src\main\AndroidManifest.xml:32:25-65
44
45                <category android:name="android.intent.category.INFO" />
45-->src\main\AndroidManifest.xml:25:17-73
45-->src\main\AndroidManifest.xml:25:27-70
46            </intent-filter>
47        </activity>
48        <activity
48-->src\main\AndroidManifest.xml:36:9-43:20
49            android:name="com.example.myfitnesslad.ResetValues"
49-->src\main\AndroidManifest.xml:37:13-40
50            android:exported="true" >
50-->src\main\AndroidManifest.xml:38:13-36
51            <intent-filter>
51-->src\main\AndroidManifest.xml:39:13-42:29
52                <action android:name="android.intent.action.ResetValues" />
52-->src\main\AndroidManifest.xml:40:17-76
52-->src\main\AndroidManifest.xml:40:25-73
53
54                <category android:name="android.intent.category.TYPED_OPENABLE" />
54-->src\main\AndroidManifest.xml:41:17-83
54-->src\main\AndroidManifest.xml:41:27-80
55            </intent-filter>
56        </activity>
57
58        <provider
58-->[androidx.emoji2:emoji2:1.0.0] AndroidManifest.xml:26:9-34:20
59            android:name="androidx.startup.InitializationProvider"
59-->[androidx.emoji2:emoji2:1.0.0] AndroidManifest.xml:27:13-67
60            android:authorities="com.example.myfitnesslad.androidx-startup"
60-->[androidx.emoji2:emoji2:1.0.0] AndroidManifest.xml:28:13-68
61            android:exported="false" >
61-->[androidx.emoji2:emoji2:1.0.0] AndroidManifest.xml:29:13-37
62            <meta-data
62-->[androidx.emoji2:emoji2:1.0.0] AndroidManifest.xml:31:13-33:52
63                android:name="androidx.emoji2.text.EmojiCompatInitializer"
63-->[androidx.emoji2:emoji2:1.0.0] AndroidManifest.xml:32:17-75
64                android:value="androidx.startup" />
64-->[androidx.emoji2:emoji2:1.0.0] AndroidManifest.xml:33:17-49
65            <meta-data
65-->[androidx.lifecycle:lifecycle-process:2.4.0] AndroidManifest.xml:31:13-33:52
66                android:name="androidx.lifecycle.ProcessLifecycleInitializer"
66-->[androidx.lifecycle:lifecycle-process:2.4.0] AndroidManifest.xml:32:17-78
67                android:value="androidx.startup" />
67-->[androidx.lifecycle:lifecycle-process:2.4.0] AndroidManifest.xml:33:17-49
68        </provider>
69    </application>
70
71</manifest>